This is pdfTeX, Version 3.1415926-2.3-1.40.12 (MiKTeX 2.9) (preloaded format=pdflatex 2017.3.18)  11 APR 2017 22:51
entering extended mode
**F:/‰ª£Á†ÅÊñá‰ª∂Â§π/Githup/Weekly-Report-of-Interference-Alignment/Weekly*Repo
rt*of*Interference*Alignment.tex

("F:/‰ª£Á†ÅÊñá‰ª∂Â§π/Githup/Weekly-Report-of-Interference-Alignment/Weekly Repo
rt of Interference Alignment.tex"
LaTeX2e <2011/06/27>
Babel <v3.8m> and hyphenation patterns for loaded.
(D:\CTEX\MiKTeX\tex\latex\ieeetran\IEEEtran.cls
Document Class: IEEEtran 2007/03/05 V1.7a by Michael Shell
-- See the "IEEEtran_HOWTO" manual for usage information.
-- http://www.michaelshell.org/tex/ieeetran/
\@IEEEtrantmpdimenA=\dimen102
\@IEEEtrantmpdimenB=\dimen103
\@IEEEtrantmpcountA=\count79
\@IEEEtrantmpcountB=\count80
\@IEEEtrantmptoksA=\toks14
LaTeX Font Info:    Try loading font information for OT1+ptm on input line 366.

(D:\CTEX\MiKTeX\tex\latex\psnfss\ot1ptm.fd
File: ot1ptm.fd 2001/06/04 font definitions for OT1/ptm.
)
** ATTENTION: Single column mode is not typically used with IEEE publications.
-- Using 8.5in x 11in (letter) paper.
-- Using PDF output.
\@IEEEnormalsizeunitybaselineskip=\dimen104
-- This is a 12 point document.
\CLASSINFOnormalsizebaselineskip=\dimen105
\CLASSINFOnormalsizeunitybaselineskip=\dimen106
\IEEEnormaljot=\dimen107
LaTeX Font Info:    Font shape `OT1/ptm/bx/n' in size <6> not available
(Font)              Font shape `OT1/ptm/b/n' tried instead on input line 724.
LaTeX Font Info:    Font shape `OT1/ptm/bx/it' in size <6> not available
(Font)              Font shape `OT1/ptm/b/it' tried instead on input line 724.
LaTeX Font Info:    Font shape `OT1/ptm/bx/n' in size <8> not available
(Font)              Font shape `OT1/ptm/b/n' tried instead on input line 724.
LaTeX Font Info:    Font shape `OT1/ptm/bx/it' in size <8> not available
(Font)              Font shape `OT1/ptm/b/it' tried instead on input line 724.
LaTeX Font Info:    Font shape `OT1/ptm/bx/n' in size <9> not available
(Font)              Font shape `OT1/ptm/b/n' tried instead on input line 724.
LaTeX Font Info:    Font shape `OT1/ptm/bx/it' in size <9> not available
(Font)              Font shape `OT1/ptm/b/it' tried instead on input line 724.
LaTeX Font Info:    Font shape `OT1/ptm/bx/n' in size <10> not available
(Font)              Font shape `OT1/ptm/b/n' tried instead on input line 724.
LaTeX Font Info:    Font shape `OT1/ptm/bx/it' in size <10> not available
(Font)              Font shape `OT1/ptm/b/it' tried instead on input line 724.
LaTeX Font Info:    Font shape `OT1/ptm/bx/n' in size <12> not available
(Font)              Font shape `OT1/ptm/b/n' tried instead on input line 724.
LaTeX Font Info:    Font shape `OT1/ptm/bx/it' in size <12> not available
(Font)              Font shape `OT1/ptm/b/it' tried instead on input line 724.
LaTeX Font Info:    Font shape `OT1/ptm/bx/n' in size <14> not available
(Font)              Font shape `OT1/ptm/b/n' tried instead on input line 724.
LaTeX Font Info:    Font shape `OT1/ptm/bx/it' in size <14> not available
(Font)              Font shape `OT1/ptm/b/it' tried instead on input line 724.
LaTeX Font Info:    Font shape `OT1/ptm/bx/n' in size <20> not available
(Font)              Font shape `OT1/ptm/b/n' tried instead on input line 724.
LaTeX Font Info:    Font shape `OT1/ptm/bx/it' in size <20> not available
(Font)              Font shape `OT1/ptm/b/it' tried instead on input line 724.
LaTeX Font Info:    Font shape `OT1/ptm/bx/n' in size <22> not available
(Font)              Font shape `OT1/ptm/b/n' tried instead on input line 724.
LaTeX Font Info:    Font shape `OT1/ptm/bx/it' in size <22> not available
(Font)              Font shape `OT1/ptm/b/it' tried instead on input line 724.
LaTeX Font Info:    Font shape `OT1/ptm/bx/n' in size <24> not available
(Font)              Font shape `OT1/ptm/b/n' tried instead on input line 724.
LaTeX Font Info:    Font shape `OT1/ptm/bx/it' in size <24> not available
(Font)              Font shape `OT1/ptm/b/it' tried instead on input line 724.
\IEEEilabelindentA=\dimen108
\IEEEilabelindentB=\dimen109
\IEEEilabelindent=\dimen110
\IEEEelabelindent=\dimen111
\IEEEdlabelindent=\dimen112
\IEEElabelindent=\dimen113
\IEEEiednormlabelsep=\dimen114
\IEEEiedmathlabelsep=\dimen115
\IEEEiedtopsep=\skip41
\c@section=\count81
\c@subsection=\count82
\c@subsubsection=\count83
\c@paragraph=\count84
\c@IEEEsubequation=\count85
\abovecaptionskip=\skip42
\belowcaptionskip=\skip43
\c@figure=\count86
\c@table=\count87
\@IEEEeqnnumcols=\count88
\@IEEEeqncolcnt=\count89
\@IEEEtmpitemindent=\dimen116
\c@IEEEbiography=\count90
\@IEEEtranrubishbin=\box26
) (D:\CTEX\MiKTeX\tex\latex\graphics\graphics.sty
Package: graphics 2009/02/05 v1.0o Standard LaTeX Graphics (DPC,SPQR)

(D:\CTEX\MiKTeX\tex\latex\graphics\trig.sty
Package: trig 1999/03/16 v1.09 sin cos tan (DPC)
)
(D:\CTEX\MiKTeX\tex\latex\00miktex\graphics.cfg
File: graphics.cfg 2007/01/18 v1.5 graphics configuration of teTeX/TeXLive
)
Package graphics Info: Driver file: pdftex.def on input line 91.

(D:\CTEX\MiKTeX\tex\latex\pdftex-def\pdftex.def
File: pdftex.def 2011/05/27 v0.06d Graphics/color for pdfTeX

(D:\CTEX\MiKTeX\tex\generic\oberdiek\infwarerr.sty
Package: infwarerr 2010/04/08 v1.3 Providing info/warning/message (HO)
)
(D:\CTEX\MiKTeX\tex\generic\oberdiek\ltxcmds.sty
Package: ltxcmds 2011/04/18 v1.20 LaTeX kernel commands for general use (HO)
)
\Gread@gobject=\count91
))
(D:\CTEX\MiKTeX\tex\latex\graphics\color.sty
Package: color 2005/11/14 v1.0j Standard LaTeX Color (DPC)

(D:\CTEX\MiKTeX\tex\latex\00miktex\color.cfg
File: color.cfg 2007/01/18 v1.5 color configuration of teTeX/TeXLive
)
Package color Info: Driver file: pdftex.def on input line 130.
)
(D:\CTEX\MiKTeX\tex\latex\ams\math\amsmath.sty
Package: amsmath 2000/07/18 v2.13 AMS math features
\@mathmargin=\skip44

For additional information on amsmath, use the `?' option.
(D:\CTEX\MiKTeX\tex\latex\ams\math\amstext.sty
Package: amstext 2000/06/29 v2.01

(D:\CTEX\MiKTeX\tex\latex\ams\math\amsgen.sty
File: amsgen.sty 1999/11/30 v2.0
\@emptytoks=\toks15
\ex@=\dimen117
))
(D:\CTEX\MiKTeX\tex\latex\ams\math\amsbsy.sty
Package: amsbsy 1999/11/29 v1.2d
\pmbraise@=\dimen118
)
(D:\CTEX\MiKTeX\tex\latex\ams\math\amsopn.sty
Package: amsopn 1999/12/14 v2.01 operator names
)
\inf@bad=\count92
LaTeX Info: Redefining \frac on input line 211.
\uproot@=\count93
\leftroot@=\count94
LaTeX Info: Redefining \overline on input line 307.
\classnum@=\count95
\DOTSCASE@=\count96
LaTeX Info: Redefining \ldots on input line 379.
LaTeX Info: Redefining \dots on input line 382.
LaTeX Info: Redefining \cdots on input line 467.
\Mathstrutbox@=\box27
\strutbox@=\box28
\big@size=\dimen119
LaTeX Font Info:    Redeclaring font encoding OML on input line 567.
LaTeX Font Info:    Redeclaring font encoding OMS on input line 568.
\macc@depth=\count97
\c@MaxMatrixCols=\count98
\dotsspace@=\muskip10
\c@parentequation=\count99
\dspbrk@lvl=\count100
\tag@help=\toks16
\row@=\count101
\column@=\count102
\maxfields@=\count103
\andhelp@=\toks17
\eqnshift@=\dimen120
\alignsep@=\dimen121
\tagshift@=\dimen122
\tagwidth@=\dimen123
\totwidth@=\dimen124
\lineht@=\dimen125
\@envbody=\toks18
\multlinegap=\skip45
\multlinetaggap=\skip46
\mathdisplay@stack=\toks19
LaTeX Info: Redefining \[ on input line 2666.
LaTeX Info: Redefining \] on input line 2667.
)
(D:\CTEX\MiKTeX\tex\latex\amsfonts\amsfonts.sty
Package: amsfonts 2009/06/22 v3.00 Basic AMSFonts support
\symAMSa=\mathgroup4
\symAMSb=\mathgroup5
LaTeX Font Info:    Overwriting math alphabet `\mathfrak' in version `bold'
(Font)                  U/euf/m/n --> U/euf/b/n on input line 96.
)
(D:\CTEX\MiKTeX\tex\latex\amsfonts\amssymb.sty
Package: amssymb 2009/06/22 v3.00
)
(D:\CTEX\MiKTeX\tex\latex\preprint\balance.sty
Package: balance 1999/02/23 4.3 (PWD)
\oldvsize=\dimen126
)
(D:\CTEX\MiKTeX\tex\latex\algorithms\algorithm.sty
Package: algorithm 2009/08/24 v0.1 Document Style `algorithm' - floating enviro
nment

(D:\CTEX\MiKTeX\tex\latex\float\float.sty
Package: float 2001/11/08 v1.3d Float enhancements (AL)
\c@float@type=\count104
\float@exts=\toks20
\float@box=\box29
\@float@everytoks=\toks21
\@floatcapt=\box30
)
(D:\CTEX\MiKTeX\tex\latex\base\ifthen.sty
Package: ifthen 2001/05/26 v1.1c Standard LaTeX ifthen package (DPC)
)
\@float@every@algorithm=\toks22
\c@algorithm=\count105
)
(D:\CTEX\MiKTeX\tex\latex\algorithms\algorithmic.sty
Package: algorithmic 2009/08/24 v0.1 Document Style `algorithmic'

(D:\CTEX\MiKTeX\tex\latex\graphics\keyval.sty
Package: keyval 1999/03/16 v1.13 key=value parser (DPC)
\KV@toks@=\toks23
)
\c@ALC@unique=\count106
\c@ALC@line=\count107
\c@ALC@rem=\count108
\c@ALC@depth=\count109
\ALC@tlm=\skip47
\algorithmicindent=\skip48
)
(D:\CTEX\MiKTeX\tex\latex\tools\array.sty
Package: array 2008/09/09 v2.4c Tabular extension package (FMi)
\col@sep=\dimen127
\extrarowheight=\dimen128
\NC@list=\toks24
\extratabsurround=\skip49
\backup@length=\skip50
)
(D:\CTEX\MiKTeX\tex\latex\comment\comment.sty
\CommentStream=\write3
 Excluding comment 'comment')
(D:\CTEX\MiKTeX\tex\latex\graphics\graphicx.sty
Package: graphicx 1999/02/16 v1.0f Enhanced LaTeX Graphics (DPC,SPQR)
\Gin@req@height=\dimen129
\Gin@req@width=\dimen130
)
(D:\CTEX\MiKTeX\tex\latex\caption\caption.sty
Package: caption 2011/11/10 v3.2e Customizing captions (AR)

(D:\CTEX\MiKTeX\tex\latex\caption\caption3.sty
Package: caption3 2011/11/01 v1.4a caption3 kernel (AR)
\captionmargin=\dimen131
\captionmargin@=\dimen132
\captionwidth=\dimen133
\caption@indent=\dimen134
\caption@parindent=\dimen135
\caption@hangindent=\dimen136
Package caption Info: Unknown document class (or package),
(caption)             standard defaults will be used.
)

Package caption Warning: Unsupported document class (or package) detected,
(caption)                usage of the caption package is not recommended.
See the caption package documentation for explanation.

Package caption Info: \@makecaption = \long macro:#1#2->\ifx \@captype \@IEEEta
blestring \footnotesize \begin {center}{\normalfont \footnotesize #1}\\{\normal
font \footnotesize \scshape #2}\end {center}\@IEEEtablecaptionsepspace \else \@
IEEEfigurecaptionsepspace \setbox \@tempboxa \hbox {\normalfont \footnotesize {
#1.}~~ #2}\ifdim \wd \@tempboxa >\hsize \setbox \@tempboxa \hbox {\normalfont \
footnotesize {#1.}~~ }\parbox [t]{\hsize }{\normalfont \footnotesize \noindent 
\unhbox \@tempboxa #2}\else \ifCLASSOPTIONconference \hbox to\hsize {\normalfon
t \footnotesize \hfil \box \@tempboxa \hfil }\else \hbox to\hsize {\normalfont 
\footnotesize \box \@tempboxa \hfil }\fi \fi \fi .
\c@ContinuedFloat=\count110
Package caption Info: float package is loaded.
) (D:\CTEX\MiKTeX\tex\latex\jknappen\mathrsfs.sty
Package: mathrsfs 1996/01/01 Math RSFS package v1.0 (jk)
\symrsfs=\mathgroup6
)
(D:\CTEX\MiKTeX\tex\latex\tools\bm.sty
Package: bm 2004/02/26 v1.1c Bold Symbol Support (DPC/FMi)
\symboldoperators=\mathgroup7
\symboldletters=\mathgroup8
\symboldsymbols=\mathgroup9
LaTeX Font Info:    Redeclaring math alphabet \mathbf on input line 138.
LaTeX Info: Redefining \bm on input line 204.
)
\c@thm=\count111
\c@cor=\count112

(D:\CTEX\MiKTeX\tex\latex\ams\classes\amsthm.sty
Package: amsthm 2004/08/06 v2.20
\thm@style=\toks25
\thm@bodyfont=\toks26
\thm@headfont=\toks27
\thm@notefont=\toks28
\thm@headpunct=\toks29
\thm@preskip=\skip51
\thm@postskip=\skip52
\thm@headsep=\skip53
\dth@everypar=\toks30
)
\c@lem=\count113
\c@prop=\count114
\c@defn=\count115
\c@rem=\count116
\c@example=\count117
\c@theorem=\count118

("F:\‰ª£Á†ÅÊñá‰ª∂Â§π\Githup\Weekly-Report-of-Interference-Alignment\Weekly Repo
rt of Interference Alignment.aux")
LaTeX Font Info:    Checking defaults for OML/cmm/m/it on input line 31.
LaTeX Font Info:    ... okay on input line 31.
LaTeX Font Info:    Checking defaults for T1/cmr/m/n on input line 31.
LaTeX Font Info:    ... okay on input line 31.
LaTeX Font Info:    Checking defaults for OT1/cmr/m/n on input line 31.
LaTeX Font Info:    ... okay on input line 31.
LaTeX Font Info:    Checking defaults for OMS/cmsy/m/n on input line 31.
LaTeX Font Info:    ... okay on input line 31.
LaTeX Font Info:    Checking defaults for OMX/cmex/m/n on input line 31.
LaTeX Font Info:    ... okay on input line 31.
LaTeX Font Info:    Checking defaults for U/cmr/m/n on input line 31.
LaTeX Font Info:    ... okay on input line 31.

(D:\CTEX\MiKTeX\tex\context\base\supp-pdf.mkii
[Loading MPS to PDF converter (version 2006.09.02).]
\scratchcounter=\count119
\scratchdimen=\dimen137
\scratchbox=\box31
\nofMPsegments=\count120
\nofMParguments=\count121
\everyMPshowfont=\toks31
\MPscratchCnt=\count122
\MPscratchDim=\dimen138
\MPnumerator=\count123
\makeMPintoPDFobject=\count124
\everyMPtoPDFconversion=\toks32
)
Package caption Info: Begin \AtBeginDocument code.
Package caption Info: End \AtBeginDocument code.
LaTeX Font Info:    Try loading font information for U+msa on input line 44.
 (D:\CTEX\MiKTeX\tex\latex\amsfonts\umsa.fd
File: umsa.fd 2009/06/22 v3.00 AMS symbols A
)
LaTeX Font Info:    Try loading font information for U+msb on input line 44.

(D:\CTEX\MiKTeX\tex\latex\amsfonts\umsb.fd
File: umsb.fd 2009/06/22 v3.00 AMS symbols B
)
LaTeX Font Info:    Try loading font information for U+rsfs on input line 44.

(D:\CTEX\MiKTeX\tex\latex\jknappen\ursfs.fd
File: ursfs.fd 1998/03/24 rsfs font definition file (jk)
)

pdfTeX warning: pdflatex.exe (file F:/‰ª£Á†ÅÊñá‰ª∂Â§π/Githup/Weekly-Report-of-I
nterference-Alignment/mMIMO.pdf): PDF inclusion: found PDF version <1.6>, but a
t most version <1.5> allowed
<mMIMO.pdf, id=1, 500.44234pt x 85.0096pt>
File: mMIMO.pdf Graphic file (type pdf)
 <use mMIMO.pdf>
Package pdftex.def Info: mMIMO.pdf used on input line 49.
(pdftex.def)             Requested size: 516.0pt x 87.65294pt.
 [1{D:/CTEX/UserData/pdftex/config/pdftex.map{Unicode.sfd}{UGBK.sfd}} <F:/‰ª£Á†
ÅÊñá‰ª∂Â§π/Githup/Weekly-Report-of-Interference-Alignment/mMIMO.pdf>] [2]
<result_66.pdf, id=119, 433.62172pt x 329.8152pt>
File: result_66.pdf Graphic file (type pdf)
 <use result_66.pdf>
Package pdftex.def Info: result_66.pdf used on input line 183.
(pdftex.def)             Requested size: 309.60315pt x 235.49902pt.

<IterativeCount.pdf, id=120, 461.47495pt x 336.38274pt>
File: IterativeCount.pdf Graphic file (type pdf)

<use IterativeCount.pdf>
Package pdftex.def Info: IterativeCount.pdf used on input line 188.
(pdftex.def)             Requested size: 335.39685pt x 244.47946pt.
 [3 <F:/‰ª£Á†ÅÊñá‰ª∂Â§π/Githup/Weekly-Report-of-Interference-Alignment/result_6
6.pdf>]
<result_22.pdf, id=126, 423.11003pt x 323.24564pt>
File: result_22.pdf Graphic file (type pdf)
 <use result_22.pdf>
Package pdftex.def Info: result_22.pdf used on input line 195.
(pdftex.def)             Requested size: 335.39685pt x 256.24413pt.

<result_44.pdf, id=127, 420.48193pt x 327.18736pt>
File: result_44.pdf Graphic file (type pdf)
 <use result_44.pdf>
Package pdftex.def Info: result_44.pdf used on input line 199.
(pdftex.def)             Requested size: 335.39685pt x 260.98639pt.
 [4 <F:/‰ª£Á†ÅÊñá‰ª∂Â§π/Githup/Weekly-Report-of-Interference-Alignment/Iterativ
eCount.pdf>] <result_88.pdf, id=133, 444.13399pt x 338.35709pt>
File: result_88.pdf Graphic file (type pdf)
 <use result_88.pdf>
Package pdftex.def Info: result_88.pdf used on input line 203.
(pdftex.def)             Requested size: 335.39685pt x 255.51741pt.

[5 <F:/‰ª£Á†ÅÊñá‰ª∂Â§π/Githup/Weekly-Report-of-Interference-Alignment/result_22
.pdf> <F:/‰ª£Á†ÅÊñá‰ª∂Â§π/Githup/Weekly-Report-of-Interference-Alignment/result
_44.pdf>] <resultWithHeath66.pdf, id=141, 417.85379pt x 324.55954pt>
File: resultWithHeath66.pdf Graphic file (type pdf)

<use resultWithHeath66.pdf>
Package pdftex.def Info: resultWithHeath66.pdf used on input line 210.
(pdftex.def)             Requested size: 335.39685pt x 260.51463pt.

("F:\‰ª£Á†ÅÊñá‰ª∂Â§π\Githup\Weekly-Report-of-Interference-Alignment\Weekly Repo
rt of Interference Alignment.bbl" [6 <F:/‰ª£Á†ÅÊñá‰ª∂Â§π/Githup/Weekly-Report-o
f-Interference-Alignment/result_88.pdf> <F:/‰ª£Á†ÅÊñá‰ª∂Â§π/Githup/Weekly-Repor
t-of-Interference-Alignment/resultWithHeath66.pdf>]) [7]
("F:\‰ª£Á†ÅÊñá‰ª∂Â§π\Githup\Weekly-Report-of-Interference-Alignment\Weekly Repo
rt of Interference Alignment.aux") ) 
Here is how much of TeX's memory you used:
 4364 strings out of 495354
 64469 string characters out of 3183859
 126621 words of memory out of 3000000
 7444 multiletter control sequences out of 15000+200000
 45360 words of font info for 107 fonts, out of 3000000 for 9000
 14 hyphenation exceptions out of 8191
 36i,10n,38p,1024b,263s stack positions out of 5000i,500n,10000p,200000b,50000s
{D:/CTEX/MiKTeX/fonts/enc/dvips/fontname/8r
.enc}<D:/CTEX/MiKTeX/fonts/type1/public/amsfonts/cm/cmbx10.pfb><D:/CTEX/MiKTeX/
fonts/type1/public/amsfonts/cm/cmbx12.pfb><D:/CTEX/MiKTeX/fonts/type1/public/am
sfonts/cm/cmex10.pfb><D:/CTEX/MiKTeX/fonts/type1/public/amsfonts/cm/cmmi10.pfb>
<D:/CTEX/MiKTeX/fonts/type1/public/amsfonts/cm/cmmi12.pfb><D:/CTEX/MiKTeX/fonts
/type1/public/amsfonts/cm/cmmi5.pfb><D:/CTEX/MiKTeX/fonts/type1/public/amsfonts
/cm/cmmi6.pfb><D:/CTEX/MiKTeX/fonts/type1/public/amsfonts/cm/cmmi7.pfb><D:/CTEX
/MiKTeX/fonts/type1/public/amsfonts/cm/cmmi8.pfb><D:/CTEX/MiKTeX/fonts/type1/pu
blic/amsfonts/cm/cmmi9.pfb><D:/CTEX/MiKTeX/fonts/type1/public/amsfonts/cm/cmr10
.pfb><D:/CTEX/MiKTeX/fonts/type1/public/amsfonts/cm/cmr12.pfb><D:/CTEX/MiKTeX/f
onts/type1/public/amsfonts/cm/cmr6.pfb><D:/CTEX/MiKTeX/fonts/type1/public/amsfo
nts/cm/cmr7.pfb><D:/CTEX/MiKTeX/fonts/type1/public/amsfonts/cm/cmr8.pfb><D:/CTE
X/MiKTeX/fonts/type1/public/amsfonts/cm/cmsy10.pfb><D:/CTEX/MiKTeX/fonts/type1/
public/amsfonts/cm/cmsy5.pfb><D:/CTEX/MiKTeX/fonts/type1/public/amsfonts/cm/cms
y7.pfb><D:/CTEX/MiKTeX/fonts/type1/public/amsfonts/cm/cmsy8.pfb><D:/CTEX/MiKTeX
/fonts/type1/public/amsfonts/euler/eusm10.pfb><D:/CTEX/MiKTeX/fonts/type1/publi
c/amsfonts/euler/eusm7.pfb><D:/CTEX/MiKTeX/fonts/type1/public/amsfonts/symbols/
msam10.pfb><D:/CTEX/MiKTeX/fonts/type1/urw/times/utmb8a.pfb><D:/CTEX/MiKTeX/fon
ts/type1/urw/times/utmr8a.pfb><D:/CTEX/MiKTeX/fonts/type1/urw/times/utmri8a.pfb
>
Output written on "Weekly Report of Interference Alignment.pdf" (7 pages, 36654
4 bytes).
PDF statistics:
 206 PDF objects out of 1000 (max. 8388607)
 0 named destinations out of 1000 (max. 500000)
 36 words of extra memory for PDF output out of 10000 (max. 10000000)

